<?xml version="1.0" encoding="UTF-8"?>
<!-- Generated by org.testng.reporters.JUnitReportReporter -->
<testsuite hostname="HEWLETT-HVTTKM0" failures="0" tests="3" name="main.java.TestCases" time="3.367" errors="0" timestamp="2022-02-05T14:46:35 CST" skipped="0">
  <testcase classname="main.java.TestCases" name="IMDBJasonBatemenBio" time="2.065"/>
  <system-out/>
  <testcase classname="main.java.TestCases" name="IMDBTheOzarks" time="0.992"/>
  <system-out/>
  <testcase classname="main.java.TestCases" name="TestCase3" time="0.310"/>
  <system-out/>
</testsuite> <!-- main.java.TestCases -->
